0 info it worked if it ends with ok
1 verbose cli [ '/home/roman/.nvm/versions/node/v6.11.0/bin/node',
1 verbose cli   '/home/roman/.nvm/versions/node/v6.11.0/bin/npm',
1 verbose cli   'version',
1 verbose cli   '1.0.5' ]
2 info using npm@3.10.10
3 info using node@v6.11.0
4 info git [ 'status', '--porcelain' ]
5 verbose stack Error: Git working directory not clean.
5 verbose stack M lib/CheckboxField.js
5 verbose stack M lib/DatetimeRangePickerField.js
5 verbose stack M lib/PhoneField.js
5 verbose stack M lib/SelectField.js
5 verbose stack M lib/TagsField.js
5 verbose stack M src/CheckboxField.js
5 verbose stack M src/DatetimeRangePickerField.js
5 verbose stack M src/PhoneField.js
5 verbose stack M src/SelectField.js
5 verbose stack M src/TagsField.js
5 verbose stack     at /home/roman/.nvm/versions/node/v6.11.0/lib/node_modules/npm/lib/version.js:247:19
5 verbose stack     at /home/roman/.nvm/versions/node/v6.11.0/lib/node_modules/npm/lib/utils/no-progress-while-running.js:21:8
5 verbose stack     at ChildProcess.exithandler (child_process.js:195:7)
5 verbose stack     at emitTwo (events.js:106:13)
5 verbose stack     at ChildProcess.emit (events.js:191:7)
5 verbose stack     at maybeClose (internal/child_process.js:891:16)
5 verbose stack     at Socket.<anonymous> (internal/child_process.js:342:11)
5 verbose stack     at emitOne (events.js:96:13)
5 verbose stack     at Socket.emit (events.js:188:7)
5 verbose stack     at Pipe._handle.close [as _onclose] (net.js:497:12)
6 verbose cwd /home/roman/Apps/react-simpl-form-fields
7 error Linux 3.16.0-4-amd64
8 error argv "/home/roman/.nvm/versions/node/v6.11.0/bin/node" "/home/roman/.nvm/versions/node/v6.11.0/bin/npm" "version" "1.0.5"
9 error node v6.11.0
10 error npm  v3.10.10
11 error Git working directory not clean.
11 error M lib/CheckboxField.js
11 error M lib/DatetimeRangePickerField.js
11 error M lib/PhoneField.js
11 error M lib/SelectField.js
11 error M lib/TagsField.js
11 error M src/CheckboxField.js
11 error M src/DatetimeRangePickerField.js
11 error M src/PhoneField.js
11 error M src/SelectField.js
11 error M src/TagsField.js
12 error If you need help, you may report this error at:
12 error     <https://github.com/npm/npm/issues>
13 verbose exit [ 1, true ]
